app/build/outputs/logs/manifest-merger-debug-report.txt
-- Merging decision tree log ---
manifest
ADDED from src/main/AndroidManifest.xml:2:1-18:14
INJECTED from src/main/AndroidManifest.xml:2:1-18:14
INJECTED from src/main/AndroidManifest.xml:2:1-18:14
INJECTED from src/main/AndroidManifest.xml:2:1-18:14
INJECTED from src/main/AndroidManifest.xml:2:1-18:14
INJECTED from src/main/AndroidManifest.xml:2:1-18:14
INJECTED from src/main/AndroidManifest.xml:2:1-18:14
	package
		ADDED from src/main/AndroidManifest.xml:3:1-23
		INJECTED from src/main/AndroidManifest.xml
		INJECTED from src/main/AndroidManifest.xml
	android:versionName
		ADDED from src/main/AndroidManifest.xml:5:1-26
		INJECTED from src/main/AndroidManifest.xml
		INJECTED from src/main/AndroidManifest.xml
	xmlns:android
		ADDED from src/main/AndroidManifest.xml:2:11-69
	android:versionCode
		ADDED from src/main/AndroidManifest.xml:4:1-24
		INJECTED from src/main/AndroidManifest.xml
		INJECTED from src/main/AndroidManifest.xml
application
ADDED from src/main/AndroidManifest.xml:6:1-16:17
	android:label
		ADDED from src/main/AndroidManifest.xml:6:49-81
	android:icon
		ADDED from src/main/AndroidManifest.xml:6:14-48
activity#org.ace.game.SudokuGame1
ADDED from src/main/AndroidManifest.xml:7:1-12:14
	android:label
		ADDED from src/main/AndroidManifest.xml:7:39-71
	android:name
		ADDED from src/main/AndroidManifest.xml:7:11-38
intent-filter#android.intent.action.MAIN+android.intent.category.LAUNCHER
ADDED from src/main/AndroidManifest.xml:8:2-11:19
action#android.intent.action.MAIN
ADDED from src/main/AndroidManifest.xml:9:3-55
	android:name
		ADDED from src/main/AndroidManifest.xml:9:11-52
category#android.intent.category.LAUNCHER
ADDED from src/main/AndroidManifest.xml:10:3-63
	android:name
		ADDED from src/main/AndroidManifest.xml:10:13-60
activity#org.ace.game.About
ADDED from src/main/AndroidManifest.xml:13:3-117
	android:label
		ADDED from src/main/AndroidManifest.xml:13:35-70
	android:theme
		ADDED from src/main/AndroidManifest.xml:13:71-114
	android:name
		ADDED from src/main/AndroidManifest.xml:13:13-34
activity#org.ace.game.Prefs
ADDED from src/main/AndroidManifest.xml:14:3-76
	android:label
		ADDED from src/main/AndroidManifest.xml:14:35-73
	android:name
		ADDED from src/main/AndroidManifest.xml:14:13-34
activity#org.ace.game.Game
ADDED from src/main/AndroidManifest.xml:15:3-71
	android:label
		ADDED from src/main/AndroidManifest.xml:15:34-68
	android:name
		ADDED from src/main/AndroidManifest.xml:15:13-33
uses-sdk
ADDED from src/main/AndroidManifest.xml:17:3-41
INJECTED from src/main/AndroidManifest.xml:17:3-41
INJECTED from src/main/AndroidManifest.xml:17:3-41
INJECTED from src/main/AndroidManifest.xml:17:3-41
INJECTED from src/main/AndroidManifest.xml:17:3-41
	android:targetSdkVersion
		INJECTED from src/main/AndroidManifest.xml
		ADDED from src/main/AndroidManifest.xml:17:3-41
		INJECTED from src/main/AndroidManifest.xml
	android:minSdkVersion
		ADDED from src/main/AndroidManifest.xml:17:13-38
		INJECTED from src/main/AndroidManifest.xml
		INJECTED from src/main/AndroidManifest.xml